  Game_ui.cpp
  Main.cpp
  MainScene.cpp
  Player.cpp
  Player2.cpp
  Scene2.cpp
  Solar.cpp
  SwimmingPool.cpp
C:\Users\cjswo\Documents\GitHub\ParkVsMicheal\D3D (1)\Game1\MainScene.cpp(84,31): warning C4305: '=': 'double'에서 'float'(으)로 잘립니다.
C:\Users\cjswo\Documents\GitHub\ParkVsMicheal\D3D (1)\Game1\MainScene.cpp(85,31): warning C4305: '=': 'double'에서 'float'(으)로 잘립니다.
C:\Users\cjswo\Documents\GitHub\ParkVsMicheal\D3D (1)\Game1\MainScene.cpp(95,30): warning C4305: '=': 'double'에서 'float'(으)로 잘립니다.
C:\Users\cjswo\Documents\GitHub\ParkVsMicheal\D3D (1)\Game1\Scene2.cpp(143,30): warning C4244: '-=': 'float'에서 'int'(으)로 변환하면서 데이터가 손실될 수 있습니다.
C:\Users\cjswo\Documents\GitHub\ParkVsMicheal\D3D (1)\Game1\Scene2.cpp(193,36): warning C4305: '=': 'double'에서 'float'(으)로 잘립니다.
C:\Users\cjswo\Documents\GitHub\ParkVsMicheal\D3D (1)\Game1\Scene2.cpp(194,36): warning C4305: '=': 'double'에서 'float'(으)로 잘립니다.
C:\Users\cjswo\Documents\GitHub\ParkVsMicheal\D3D (1)\Game1\Scene2.cpp(202,35): warning C4305: '=': 'double'에서 'float'(으)로 잘립니다.
C:\Users\cjswo\Documents\GitHub\ParkVsMicheal\D3D (1)\Game1\Scene2.cpp(203,36): warning C4305: '=': 'double'에서 'float'(으)로 잘립니다.
C:\Users\cjswo\Documents\GitHub\ParkVsMicheal\D3D (1)\Game1\Scene2.cpp(216,35): warning C4305: '=': 'double'에서 'float'(으)로 잘립니다.
C:\Users\cjswo\Documents\GitHub\ParkVsMicheal\D3D (1)\Game1\Scene2.cpp(217,35): warning C4305: '=': 'double'에서 'float'(으)로 잘립니다.
C:\Users\cjswo\Documents\GitHub\ParkVsMicheal\D3D (1)\Game1\Scene2.cpp(225,34): warning C4305: '=': 'double'에서 'float'(으)로 잘립니다.
C:\Users\cjswo\Documents\GitHub\ParkVsMicheal\D3D (1)\Game1\Scene2.cpp(226,35): warning C4305: '=': 'double'에서 'float'(으)로 잘립니다.
C:\Users\cjswo\Documents\GitHub\ParkVsMicheal\D3D (1)\Game1\Scene2.cpp(230,35): warning C4305: '=': 'double'에서 'float'(으)로 잘립니다.
C:\Users\cjswo\Documents\GitHub\ParkVsMicheal\D3D (1)\Game1\Scene2.cpp(231,35): warning C4305: '=': 'double'에서 'float'(으)로 잘립니다.
C:\Users\cjswo\Documents\GitHub\ParkVsMicheal\D3D (1)\Game1\Scene2.cpp(242,34): warning C4305: '=': 'double'에서 'float'(으)로 잘립니다.
C:\Users\cjswo\Documents\GitHub\ParkVsMicheal\D3D (1)\Game1\Scene2.cpp(243,35): warning C4305: '=': 'double'에서 'float'(으)로 잘립니다.
C:\Users\cjswo\Documents\GitHub\ParkVsMicheal\D3D (1)\Game1\Scene2.cpp(159,33): warning C4390: ';': 제어된 빈 문이 있습니다. 이 문이 필요합니까?
C:\Users\cjswo\Documents\GitHub\ParkVsMicheal\D3D (1)\Game1\Game_ui.cpp(429): warning C4715: 'Game_ui::give_bust': 모든 제어 경로에서 값을 반환하지는 않습니다.
     C:\Users\cjswo\Documents\GitHub\ParkVsMicheal\D3D (1)\\Build\Game1.lib 라이브러리 및 C:\Users\cjswo\Documents\GitHub\ParkVsMicheal\D3D (1)\\Build\Game1.exp 개체를 생성하고 있습니다.
  Game1.vcxproj -> C:\Users\cjswo\Documents\GitHub\ParkVsMicheal\D3D (1)\Build\Game1.exe
